<?xml version="1.0" encoding="UTF-8"?>
<coverage generated="1632161473238" clover="3.2.0">
  <project timestamp="1632161473238" name="All files">
    <metrics statements="81" coveredstatements="78" conditionals="59" coveredconditionals="55" methods="19" coveredmethods="18" elements="159" coveredelements="151" complexity="0" loc="81" ncloc="81" packages="1" files="1" classes="1"/>
    <file name="main.js" path="/home/runner/work/store.js/store.js/src/main.js">
      <metrics statements="81" coveredstatements="78" conditionals="59" coveredconditionals="55" methods="19" coveredmethods="18"/>
      <line num="1" count="1" type="stmt"/>
      <line num="4" count="38" type="stmt"/>
      <line num="5" count="38" type="cond" truecount="2" falsecount="0"/>
      <line num="6" count="22" type="stmt"/>
      <line num="8" count="16" type="stmt"/>
      <line num="12" count="21" type="cond" truecount="4" falsecount="0"/>
      <line num="15" count="196" type="cond" truecount="2" falsecount="0"/>
      <line num="16" count="185" type="stmt"/>
      <line num="17" count="7" type="stmt"/>
      <line num="19" count="4" type="stmt"/>
      <line num="20" count="4" type="stmt"/>
      <line num="24" count="1" type="stmt"/>
      <line num="25" count="1" type="stmt"/>
      <line num="27" count="0" type="cond" truecount="0" falsecount="2"/>
      <line num="28" count="0" type="stmt"/>
      <line num="29" count="0" type="stmt"/>
      <line num="32" count="1" type="cond" truecount="1" falsecount="1"/>
      <line num="33" count="1" type="stmt"/>
      <line num="37" count="1" type="stmt"/>
      <line num="40" count="2" type="cond" truecount="2" falsecount="0"/>
      <line num="41" count="1" type="stmt"/>
      <line num="45" count="1" type="stmt"/>
      <line num="47" count="27" type="cond" truecount="4" falsecount="0"/>
      <line num="48" count="21" type="stmt"/>
      <line num="49" count="6" type="cond" truecount="1" falsecount="1"/>
      <line num="50" count="9" type="stmt"/>
      <line num="52" count="27" type="stmt"/>
      <line num="55" count="241" type="cond" truecount="2" falsecount="0"/>
      <line num="56" count="41" type="stmt"/>
      <line num="57" count="133" type="stmt"/>
      <line num="58" count="41" type="stmt"/>
      <line num="60" count="200" type="cond" truecount="2" falsecount="0"/>
      <line num="61" count="10" type="stmt"/>
      <line num="63" count="190" type="stmt"/>
      <line num="64" count="190" type="cond" truecount="2" falsecount="0"/>
      <line num="65" count="3" type="stmt"/>
      <line num="66" count="3" type="stmt"/>
      <line num="67" count="9" type="stmt"/>
      <line num="68" count="9" type="cond" truecount="2" falsecount="0"/>
      <line num="69" count="5" type="stmt"/>
      <line num="72" count="3" type="stmt"/>
      <line num="74" count="187" type="stmt"/>
      <line num="77" count="2" type="stmt"/>
      <line num="78" count="2" type="stmt"/>
      <line num="81" count="8" type="stmt"/>
      <line num="82" count="8" type="stmt"/>
      <line num="83" count="8" type="stmt"/>
      <line num="85" count="31" type="stmt"/>
      <line num="87" count="5" type="stmt"/>
      <line num="88" count="5" type="stmt"/>
      <line num="89" count="10" type="stmt"/>
      <line num="91" count="5" type="stmt"/>
      <line num="94" count="49" type="stmt"/>
      <line num="95" count="151" type="stmt"/>
      <line num="96" count="151" type="stmt"/>
      <line num="98" count="49" type="stmt"/>
      <line num="101" count="2" type="stmt"/>
      <line num="102" count="2" type="stmt"/>
      <line num="103" count="4" type="cond" truecount="2" falsecount="0"/>
      <line num="105" count="2" type="stmt"/>
      <line num="109" count="1" type="stmt"/>
      <line num="111" count="39" type="stmt"/>
      <line num="112" count="39" type="stmt"/>
      <line num="113" count="39" type="cond" truecount="2" falsecount="0"/>
      <line num="114" count="39" type="cond" truecount="2" falsecount="0"/>
      <line num="115" count="35" type="cond" truecount="2" falsecount="0"/>
      <line num="116" count="27" type="cond" truecount="2" falsecount="0"/>
      <line num="117" count="5" type="cond" truecount="2" falsecount="0"/>
      <line num="119" count="9" type="cond" truecount="4" falsecount="0"/>
      <line num="120" count="7" type="cond" truecount="2" falsecount="0"/>
      <line num="121" count="4" type="cond" truecount="4" falsecount="0"/>
      <line num="122" count="3" type="cond" truecount="4" falsecount="0"/>
      <line num="123" count="2" type="stmt"/>
      <line num="124" count="2" type="stmt"/>
      <line num="125" count="2" type="stmt"/>
      <line num="128" count="5" type="cond" truecount="5" falsecount="0"/>
      <line num="129" count="1" type="stmt"/>
      <line num="130" count="2" type="stmt"/>
      <line num="131" count="2" type="stmt"/>
      <line num="134" count="5" type="stmt"/>
      <line num="136" count="8" type="stmt"/>
    </file>
  </project>
</coverage>
