{"/home/runner/work/store.js/store.js/src/main.js": {"path":"/home/runner/work/store.js/store.js/src/main.js","statementMap":{"0":{"start":{"line":1,"column":14},"end":{"line":1,"column":33}},"1":{"start":{"line":4,"column":2},"end":{"line":4,"column":28}},"2":{"start":{"line":5,"column":2},"end":{"line":7,"column":3}},"3":{"start":{"line":6,"column":4},"end":{"line":6,"column":17}},"4":{"start":{"line":8,"column":2},"end":{"line":8,"column":14}},"5":{"start":{"line":12,"column":2},"end":{"line":12,"column":89}},"6":{"start":{"line":15,"column":2},"end":{"line":15,"column":54}},"7":{"start":{"line":15,"column":35},"end":{"line":15,"column":52}},"8":{"start":{"line":16,"column":2},"end":{"line":17,"column":29}},"9":{"start":{"line":16,"column":8},"end":{"line":16,"column":33}},"10":{"start":{"line":17,"column":14},"end":{"line":17,"column":27}},"11":{"start":{"line":19,"column":29},"end":{"line":19,"column":86}},"12":{"start":{"line":20,"column":26},"end":{"line":20,"column":92}},"13":{"start":{"line":24,"column":13},"end":{"line":24,"column":27}},"14":{"start":{"line":24,"column":38},"end":{"line":24,"column":43}},"15":{"start":{"line":25,"column":2},"end":{"line":32,"column":77}},"16":{"start":{"line":25,"column":8},"end":{"line":25,"column":37}},"17":{"start":{"line":27,"column":4},"end":{"line":30,"column":5}},"18":{"start":{"line":28,"column":21},"end":{"line":28,"column":36}},"19":{"start":{"line":29,"column":6},"end":{"line":29,"column":106}},"20":{"start":{"line":32,"column":12},"end":{"line":32,"column":75}},"21":{"start":{"line":32,"column":50},"end":{"line":32,"column":75}},"22":{"start":{"line":33,"column":2},"end":{"line":33,"column":17}},"23":{"start":{"line":37,"column":0},"end":{"line":37,"column":33}},"24":{"start":{"line":40,"column":2},"end":{"line":42,"column":3}},"25":{"start":{"line":41,"column":4},"end":{"line":41,"column":23}},"26":{"start":{"line":45,"column":0},"end":{"line":107,"column":1}},"27":{"start":{"line":47,"column":4},"end":{"line":51,"column":5}},"28":{"start":{"line":48,"column":6},"end":{"line":48,"column":43}},"29":{"start":{"line":49,"column":11},"end":{"line":51,"column":5}},"30":{"start":{"line":50,"column":6},"end":{"line":50,"column":45}},"31":{"start":{"line":50,"column":25},"end":{"line":50,"column":45}},"32":{"start":{"line":52,"column":4},"end":{"line":52,"column":16}},"33":{"start":{"line":55,"column":4},"end":{"line":59,"column":5}},"34":{"start":{"line":56,"column":16},"end":{"line":56,"column":18}},"35":{"start":{"line":57,"column":6},"end":{"line":57,"column":49}},"36":{"start":{"line":57,"column":33},"end":{"line":57,"column":47}},"37":{"start":{"line":58,"column":6},"end":{"line":58,"column":17}},"38":{"start":{"line":60,"column":4},"end":{"line":62,"column":5}},"39":{"start":{"line":61,"column":6},"end":{"line":61,"column":37}},"40":{"start":{"line":63,"column":17},"end":{"line":63,"column":26}},"41":{"start":{"line":64,"column":4},"end":{"line":73,"column":5}},"42":{"start":{"line":65,"column":17},"end":{"line":65,"column":19}},"43":{"start":{"line":66,"column":6},"end":{"line":71,"column":7}},"44":{"start":{"line":66,"column":19},"end":{"line":66,"column":20}},"45":{"start":{"line":66,"column":28},"end":{"line":66,"column":39}},"46":{"start":{"line":67,"column":22},"end":{"line":67,"column":59}},"47":{"start":{"line":68,"column":8},"end":{"line":70,"column":9}},"48":{"start":{"line":69,"column":10},"end":{"line":69,"column":30}},"49":{"start":{"line":72,"column":6},"end":{"line":72,"column":16}},"50":{"start":{"line":74,"column":4},"end":{"line":74,"column":45}},"51":{"start":{"line":77,"column":4},"end":{"line":77,"column":20}},"52":{"start":{"line":78,"column":4},"end":{"line":78,"column":16}},"53":{"start":{"line":81,"column":14},"end":{"line":81,"column":27}},"54":{"start":{"line":82,"column":4},"end":{"line":82,"column":28}},"55":{"start":{"line":83,"column":4},"end":{"line":83,"column":15}},"56":{"start":{"line":85,"column":24},"end":{"line":85,"column":73}},"57":{"start":{"line":87,"column":12},"end":{"line":87,"column":14}},"58":{"start":{"line":88,"column":4},"end":{"line":90,"column":7}},"59":{"start":{"line":89,"column":6},"end":{"line":89,"column":16}},"60":{"start":{"line":91,"column":4},"end":{"line":91,"column":13}},"61":{"start":{"line":94,"column":4},"end":{"line":97,"column":5}},"62":{"start":{"line":94,"column":17},"end":{"line":94,"column":18}},"63":{"start":{"line":94,"column":26},"end":{"line":94,"column":40}},"64":{"start":{"line":95,"column":16},"end":{"line":95,"column":30}},"65":{"start":{"line":96,"column":6},"end":{"line":96,"column":35}},"66":{"start":{"line":98,"column":4},"end":{"line":98,"column":16}},"67":{"start":{"line":101,"column":14},"end":{"line":101,"column":25}},"68":{"start":{"line":101,"column":32},"end":{"line":101,"column":34}},"69":{"start":{"line":102,"column":4},"end":{"line":104,"column":5}},"70":{"start":{"line":102,"column":17},"end":{"line":102,"column":18}},"71":{"start":{"line":102,"column":26},"end":{"line":102,"column":36}},"72":{"start":{"line":103,"column":6},"end":{"line":103,"column":66}},"73":{"start":{"line":103,"column":36},"end":{"line":103,"column":66}},"74":{"start":{"line":105,"column":4},"end":{"line":105,"column":14}},"75":{"start":{"line":109,"column":13},"end":{"line":109,"column":17}},"76":{"start":{"line":111,"column":15},"end":{"line":111,"column":24}},"77":{"start":{"line":112,"column":11},"end":{"line":112,"column":15}},"78":{"start":{"line":113,"column":2},"end":{"line":113,"column":32}},"79":{"start":{"line":113,"column":15},"end":{"line":113,"column":32}},"80":{"start":{"line":114,"column":2},"end":{"line":114,"column":45}},"81":{"start":{"line":114,"column":25},"end":{"line":114,"column":45}},"82":{"start":{"line":115,"column":2},"end":{"line":118,"column":3}},"83":{"start":{"line":116,"column":4},"end":{"line":116,"column":58}},"84":{"start":{"line":116,"column":35},"end":{"line":116,"column":58}},"85":{"start":{"line":117,"column":4},"end":{"line":117,"column":44}},"86":{"start":{"line":117,"column":21},"end":{"line":117,"column":44}},"87":{"start":{"line":119,"column":2},"end":{"line":127,"column":3}},"88":{"start":{"line":120,"column":4},"end":{"line":120,"column":41}},"89":{"start":{"line":120,"column":15},"end":{"line":120,"column":41}},"90":{"start":{"line":121,"column":4},"end":{"line":121,"column":73}},"91":{"start":{"line":121,"column":44},"end":{"line":121,"column":73}},"92":{"start":{"line":122,"column":4},"end":{"line":126,"column":5}},"93":{"start":{"line":123,"column":6},"end":{"line":123,"column":15}},"94":{"start":{"line":124,"column":6},"end":{"line":124,"column":37}},"95":{"start":{"line":125,"column":6},"end":{"line":125,"column":25}},"96":{"start":{"line":128,"column":2},"end":{"line":133,"column":3}},"97":{"start":{"line":129,"column":4},"end":{"line":132,"column":5}},"98":{"start":{"line":129,"column":17},"end":{"line":129,"column":18}},"99":{"start":{"line":129,"column":26},"end":{"line":129,"column":36}},"100":{"start":{"line":130,"column":6},"end":{"line":130,"column":43}},"101":{"start":{"line":131,"column":6},"end":{"line":131,"column":27}},"102":{"start":{"line":134,"column":2},"end":{"line":134,"column":14}},"103":{"start":{"line":136,"column":0},"end":{"line":136,"column":61}},"104":{"start":{"line":136,"column":31},"end":{"line":136,"column":61}}},"fnMap":{"0":{"name":"isJSON","decl":{"start":{"line":3,"column":9},"end":{"line":3,"column":15}},"loc":{"start":{"line":3,"column":21},"end":{"line":9,"column":1}},"line":3},"1":{"name":"stringify","decl":{"start":{"line":11,"column":9},"end":{"line":11,"column":18}},"loc":{"start":{"line":11,"column":24},"end":{"line":13,"column":1}},"line":11},"2":{"name":"deserialize","decl":{"start":{"line":14,"column":9},"end":{"line":14,"column":20}},"loc":{"start":{"line":14,"column":28},"end":{"line":18,"column":1}},"line":14},"3":{"name":"isFunction","decl":{"start":{"line":19,"column":9},"end":{"line":19,"column":19}},"loc":{"start":{"line":19,"column":27},"end":{"line":19,"column":88}},"line":19},"4":{"name":"isArray","decl":{"start":{"line":20,"column":9},"end":{"line":20,"column":16}},"loc":{"start":{"line":20,"column":24},"end":{"line":20,"column":94}},"line":20},"5":{"name":"dealIncognito","decl":{"start":{"line":23,"column":9},"end":{"line":23,"column":22}},"loc":{"start":{"line":23,"column":32},"end":{"line":34,"column":1}},"line":23},"6":{"name":"(anonymous_6)","decl":{"start":{"line":28,"column":21},"end":{"line":28,"column":22}},"loc":{"start":{"line":28,"column":33},"end":{"line":28,"column":36}},"line":28},"7":{"name":"Store","decl":{"start":{"line":39,"column":9},"end":{"line":39,"column":14}},"loc":{"start":{"line":39,"column":17},"end":{"line":43,"column":1}},"line":39},"8":{"name":"(anonymous_8)","decl":{"start":{"line":46,"column":7},"end":{"line":46,"column":8}},"loc":{"start":{"line":46,"column":27},"end":{"line":53,"column":3}},"line":46},"9":{"name":"(anonymous_9)","decl":{"start":{"line":54,"column":7},"end":{"line":54,"column":8}},"loc":{"start":{"line":54,"column":22},"end":{"line":75,"column":3}},"line":54},"10":{"name":"(anonymous_10)","decl":{"start":{"line":57,"column":19},"end":{"line":57,"column":20}},"loc":{"start":{"line":57,"column":33},"end":{"line":57,"column":47}},"line":57},"11":{"name":"(anonymous_11)","decl":{"start":{"line":76,"column":9},"end":{"line":76,"column":10}},"loc":{"start":{"line":76,"column":21},"end":{"line":79,"column":3}},"line":76},"12":{"name":"(anonymous_12)","decl":{"start":{"line":80,"column":10},"end":{"line":80,"column":11}},"loc":{"start":{"line":80,"column":25},"end":{"line":84,"column":3}},"line":80},"13":{"name":"(anonymous_13)","decl":{"start":{"line":85,"column":7},"end":{"line":85,"column":8}},"loc":{"start":{"line":85,"column":22},"end":{"line":85,"column":75}},"line":85},"14":{"name":"(anonymous_14)","decl":{"start":{"line":86,"column":8},"end":{"line":86,"column":9}},"loc":{"start":{"line":86,"column":20},"end":{"line":92,"column":3}},"line":86},"15":{"name":"(anonymous_15)","decl":{"start":{"line":88,"column":17},"end":{"line":88,"column":18}},"loc":{"start":{"line":88,"column":24},"end":{"line":90,"column":5}},"line":88},"16":{"name":"(anonymous_16)","decl":{"start":{"line":93,"column":11},"end":{"line":93,"column":12}},"loc":{"start":{"line":93,"column":31},"end":{"line":99,"column":3}},"line":93},"17":{"name":"(anonymous_17)","decl":{"start":{"line":100,"column":10},"end":{"line":100,"column":11}},"loc":{"start":{"line":100,"column":25},"end":{"line":106,"column":3}},"line":100},"18":{"name":"store","decl":{"start":{"line":110,"column":9},"end":{"line":110,"column":14}},"loc":{"start":{"line":110,"column":26},"end":{"line":135,"column":1}},"line":110}},"branchMap":{"0":{"loc":{"start":{"line":5,"column":2},"end":{"line":7,"column":3}},"type":"if","locations":[{"start":{"line":5,"column":2},"end":{"line":7,"column":3}},{"start":{"line":5,"column":2},"end":{"line":7,"column":3}}],"line":5},"1":{"loc":{"start":{"line":12,"column":9},"end":{"line":12,"column":88}},"type":"cond-expr","locations":[{"start":{"line":12,"column":58},"end":{"line":12,"column":66}},{"start":{"line":12,"column":69},"end":{"line":12,"column":88}}],"line":12},"2":{"loc":{"start":{"line":12,"column":9},"end":{"line":12,"column":55}},"type":"binary-expr","locations":[{"start":{"line":12,"column":9},"end":{"line":12,"column":26}},{"start":{"line":12,"column":30},"end":{"line":12,"column":55}}],"line":12},"3":{"loc":{"start":{"line":15,"column":2},"end":{"line":15,"column":54}},"type":"if","locations":[{"start":{"line":15,"column":2},"end":{"line":15,"column":54}},{"start":{"line":15,"column":2},"end":{"line":15,"column":54}}],"line":15},"4":{"loc":{"start":{"line":27,"column":4},"end":{"line":30,"column":5}},"type":"if","locations":[{"start":{"line":27,"column":4},"end":{"line":30,"column":5}},{"start":{"line":27,"column":4},"end":{"line":30,"column":5}}],"line":27},"5":{"loc":{"start":{"line":32,"column":12},"end":{"line":32,"column":75}},"type":"if","locations":[{"start":{"line":32,"column":12},"end":{"line":32,"column":75}},{"start":{"line":32,"column":12},"end":{"line":32,"column":75}}],"line":32},"6":{"loc":{"start":{"line":40,"column":2},"end":{"line":42,"column":3}},"type":"if","locations":[{"start":{"line":40,"column":2},"end":{"line":42,"column":3}},{"start":{"line":40,"column":2},"end":{"line":42,"column":3}}],"line":40},"7":{"loc":{"start":{"line":47,"column":4},"end":{"line":51,"column":5}},"type":"if","locations":[{"start":{"line":47,"column":4},"end":{"line":51,"column":5}},{"start":{"line":47,"column":4},"end":{"line":51,"column":5}}],"line":47},"8":{"loc":{"start":{"line":47,"column":8},"end":{"line":47,"column":27}},"type":"binary-expr","locations":[{"start":{"line":47,"column":8},"end":{"line":47,"column":11}},{"start":{"line":47,"column":15},"end":{"line":47,"column":27}}],"line":47},"9":{"loc":{"start":{"line":49,"column":11},"end":{"line":51,"column":5}},"type":"if","locations":[{"start":{"line":49,"column":11},"end":{"line":51,"column":5}},{"start":{"line":49,"column":11},"end":{"line":51,"column":5}}],"line":49},"10":{"loc":{"start":{"line":55,"column":4},"end":{"line":59,"column":5}},"type":"if","locations":[{"start":{"line":55,"column":4},"end":{"line":59,"column":5}},{"start":{"line":55,"column":4},"end":{"line":59,"column":5}}],"line":55},"11":{"loc":{"start":{"line":60,"column":4},"end":{"line":62,"column":5}},"type":"if","locations":[{"start":{"line":60,"column":4},"end":{"line":62,"column":5}},{"start":{"line":60,"column":4},"end":{"line":62,"column":5}}],"line":60},"12":{"loc":{"start":{"line":64,"column":4},"end":{"line":73,"column":5}},"type":"if","locations":[{"start":{"line":64,"column":4},"end":{"line":73,"column":5}},{"start":{"line":64,"column":4},"end":{"line":73,"column":5}}],"line":64},"13":{"loc":{"start":{"line":68,"column":8},"end":{"line":70,"column":9}},"type":"if","locations":[{"start":{"line":68,"column":8},"end":{"line":70,"column":9}},{"start":{"line":68,"column":8},"end":{"line":70,"column":9}}],"line":68},"14":{"loc":{"start":{"line":103,"column":6},"end":{"line":103,"column":66}},"type":"if","locations":[{"start":{"line":103,"column":6},"end":{"line":103,"column":66}},{"start":{"line":103,"column":6},"end":{"line":103,"column":66}}],"line":103},"15":{"loc":{"start":{"line":113,"column":2},"end":{"line":113,"column":32}},"type":"if","locations":[{"start":{"line":113,"column":2},"end":{"line":113,"column":32}},{"start":{"line":113,"column":2},"end":{"line":113,"column":32}}],"line":113},"16":{"loc":{"start":{"line":114,"column":2},"end":{"line":114,"column":45}},"type":"if","locations":[{"start":{"line":114,"column":2},"end":{"line":114,"column":45}},{"start":{"line":114,"column":2},"end":{"line":114,"column":45}}],"line":114},"17":{"loc":{"start":{"line":115,"column":2},"end":{"line":118,"column":3}},"type":"if","locations":[{"start":{"line":115,"column":2},"end":{"line":118,"column":3}},{"start":{"line":115,"column":2},"end":{"line":118,"column":3}}],"line":115},"18":{"loc":{"start":{"line":116,"column":4},"end":{"line":116,"column":58}},"type":"if","locations":[{"start":{"line":116,"column":4},"end":{"line":116,"column":58}},{"start":{"line":116,"column":4},"end":{"line":116,"column":58}}],"line":116},"19":{"loc":{"start":{"line":117,"column":4},"end":{"line":117,"column":44}},"type":"if","locations":[{"start":{"line":117,"column":4},"end":{"line":117,"column":44}},{"start":{"line":117,"column":4},"end":{"line":117,"column":44}}],"line":117},"20":{"loc":{"start":{"line":119,"column":2},"end":{"line":127,"column":3}},"type":"if","locations":[{"start":{"line":119,"column":2},"end":{"line":127,"column":3}},{"start":{"line":119,"column":2},"end":{"line":127,"column":3}}],"line":119},"21":{"loc":{"start":{"line":119,"column":6},"end":{"line":119,"column":52}},"type":"binary-expr","locations":[{"start":{"line":119,"column":6},"end":{"line":119,"column":23}},{"start":{"line":119,"column":27},"end":{"line":119,"column":52}}],"line":119},"22":{"loc":{"start":{"line":120,"column":4},"end":{"line":120,"column":41}},"type":"if","locations":[{"start":{"line":120,"column":4},"end":{"line":120,"column":41}},{"start":{"line":120,"column":4},"end":{"line":120,"column":41}}],"line":120},"23":{"loc":{"start":{"line":121,"column":4},"end":{"line":121,"column":73}},"type":"if","locations":[{"start":{"line":121,"column":4},"end":{"line":121,"column":73}},{"start":{"line":121,"column":4},"end":{"line":121,"column":73}}],"line":121},"24":{"loc":{"start":{"line":121,"column":8},"end":{"line":121,"column":42}},"type":"binary-expr","locations":[{"start":{"line":121,"column":8},"end":{"line":121,"column":12}},{"start":{"line":121,"column":16},"end":{"line":121,"column":42}}],"line":121},"25":{"loc":{"start":{"line":122,"column":4},"end":{"line":126,"column":5}},"type":"if","locations":[{"start":{"line":122,"column":4},"end":{"line":126,"column":5}},{"start":{"line":122,"column":4},"end":{"line":126,"column":5}}],"line":122},"26":{"loc":{"start":{"line":122,"column":8},"end":{"line":122,"column":32}},"type":"binary-expr","locations":[{"start":{"line":122,"column":8},"end":{"line":122,"column":12}},{"start":{"line":122,"column":16},"end":{"line":122,"column":32}}],"line":122},"27":{"loc":{"start":{"line":128,"column":2},"end":{"line":133,"column":3}},"type":"if","locations":[{"start":{"line":128,"column":2},"end":{"line":133,"column":3}},{"start":{"line":128,"column":2},"end":{"line":133,"column":3}}],"line":128},"28":{"loc":{"start":{"line":128,"column":6},"end":{"line":128,"column":59}},"type":"binary-expr","locations":[{"start":{"line":128,"column":6},"end":{"line":128,"column":23}},{"start":{"line":128,"column":27},"end":{"line":128,"column":39}},{"start":{"line":128,"column":43},"end":{"line":128,"column":59}}],"line":128}},"s":{"0":1,"1":38,"2":38,"3":22,"4":16,"5":21,"6":196,"7":11,"8":185,"9":185,"10":7,"11":4,"12":4,"13":1,"14":1,"15":1,"16":1,"17":0,"18":0,"19":0,"20":1,"21":1,"22":1,"23":1,"24":2,"25":1,"26":1,"27":27,"28":21,"29":6,"30":6,"31":9,"32":27,"33":241,"34":41,"35":41,"36":133,"37":41,"38":200,"39":10,"40":190,"41":190,"42":3,"43":3,"44":3,"45":3,"46":9,"47":9,"48":5,"49":3,"50":187,"51":2,"52":2,"53":8,"54":8,"55":8,"56":31,"57":5,"58":5,"59":10,"60":5,"61":49,"62":49,"63":49,"64":151,"65":151,"66":49,"67":2,"68":2,"69":2,"70":2,"71":2,"72":4,"73":3,"74":2,"75":1,"76":39,"77":39,"78":39,"79":1,"80":39,"81":4,"82":35,"83":27,"84":22,"85":5,"86":4,"87":9,"88":7,"89":3,"90":4,"91":1,"92":3,"93":2,"94":2,"95":2,"96":5,"97":1,"98":1,"99":1,"100":2,"101":2,"102":5,"103":1,"104":8},"f":{"0":38,"1":21,"2":196,"3":4,"4":4,"5":1,"6":0,"7":2,"8":27,"9":241,"10":133,"11":2,"12":8,"13":31,"14":5,"15":10,"16":49,"17":2,"18":39},"b":{"0":[22,16],"1":[1,20],"2":[21,20],"3":[11,185],"4":[0,0],"5":[1,0],"6":[1,1],"7":[21,6],"8":[27,27],"9":[6,0],"10":[41,200],"11":[10,190],"12":[3,187],"13":[5,4],"14":[3,1],"15":[1,38],"16":[4,35],"17":[27,8],"18":[22,5],"19":[4,1],"20":[7,2],"21":[9,8],"22":[3,4],"23":[1,3],"24":[4,4],"25":[2,1],"26":[3,3],"27":[1,4],"28":[5,4,1]},"_coverageSchema":"1a1c01bbd47fc00a2c39e90264f33305004495a9","hash":"0e67bc90497ac5d2321fbc9e036e16aaa075d734"}
}
