TN:
SF:src/main.js
FN:3,isJSON
FN:11,stringify
FN:14,deserialize
FN:19,isFunction
FN:20,isArray
FN:23,dealIncognito
FN:28,(anonymous_6)
FN:39,Store
FN:46,(anonymous_8)
FN:54,(anonymous_9)
FN:57,(anonymous_10)
FN:76,(anonymous_11)
FN:80,(anonymous_12)
FN:85,(anonymous_13)
FN:86,(anonymous_14)
FN:88,(anonymous_15)
FN:93,(anonymous_16)
FN:100,(anonymous_17)
FN:110,store
FNF:19
FNH:18
FNDA:38,isJSON
FNDA:21,stringify
FNDA:196,deserialize
FNDA:4,isFunction
FNDA:4,isArray
FNDA:1,dealIncognito
FNDA:0,(anonymous_6)
FNDA:2,Store
FNDA:27,(anonymous_8)
FNDA:241,(anonymous_9)
FNDA:133,(anonymous_10)
FNDA:2,(anonymous_11)
FNDA:8,(anonymous_12)
FNDA:31,(anonymous_13)
FNDA:5,(anonymous_14)
FNDA:10,(anonymous_15)
FNDA:49,(anonymous_16)
FNDA:2,(anonymous_17)
FNDA:39,store
DA:1,1
DA:4,38
DA:5,38
DA:6,22
DA:8,16
DA:12,21
DA:15,196
DA:16,185
DA:17,7
DA:19,4
DA:20,4
DA:24,1
DA:25,1
DA:27,0
DA:28,0
DA:29,0
DA:32,1
DA:33,1
DA:37,1
DA:40,2
DA:41,1
DA:45,1
DA:47,27
DA:48,21
DA:49,6
DA:50,9
DA:52,27
DA:55,241
DA:56,41
DA:57,133
DA:58,41
DA:60,200
DA:61,10
DA:63,190
DA:64,190
DA:65,3
DA:66,3
DA:67,9
DA:68,9
DA:69,5
DA:72,3
DA:74,187
DA:77,2
DA:78,2
DA:81,8
DA:82,8
DA:83,8
DA:85,31
DA:87,5
DA:88,5
DA:89,10
DA:91,5
DA:94,49
DA:95,151
DA:96,151
DA:98,49
DA:101,2
DA:102,2
DA:103,4
DA:105,2
DA:109,1
DA:111,39
DA:112,39
DA:113,39
DA:114,39
DA:115,35
DA:116,27
DA:117,5
DA:119,9
DA:120,7
DA:121,4
DA:122,3
DA:123,2
DA:124,2
DA:125,2
DA:128,5
DA:129,1
DA:130,2
DA:131,2
DA:134,5
DA:136,8
LF:81
LH:78
BRDA:5,0,0,22
BRDA:5,0,1,16
BRDA:12,1,0,1
BRDA:12,1,1,20
BRDA:12,2,0,21
BRDA:12,2,1,20
BRDA:15,3,0,11
BRDA:15,3,1,185
BRDA:27,4,0,0
BRDA:27,4,1,0
BRDA:32,5,0,1
BRDA:32,5,1,0
BRDA:40,6,0,1
BRDA:40,6,1,1
BRDA:47,7,0,21
BRDA:47,7,1,6
BRDA:47,8,0,27
BRDA:47,8,1,27
BRDA:49,9,0,6
BRDA:49,9,1,0
BRDA:55,10,0,41
BRDA:55,10,1,200
BRDA:60,11,0,10
BRDA:60,11,1,190
BRDA:64,12,0,3
BRDA:64,12,1,187
BRDA:68,13,0,5
BRDA:68,13,1,4
BRDA:103,14,0,3
BRDA:103,14,1,1
BRDA:113,15,0,1
BRDA:113,15,1,38
BRDA:114,16,0,4
BRDA:114,16,1,35
BRDA:115,17,0,27
BRDA:115,17,1,8
BRDA:116,18,0,22
BRDA:116,18,1,5
BRDA:117,19,0,4
BRDA:117,19,1,1
BRDA:119,20,0,7
BRDA:119,20,1,2
BRDA:119,21,0,9
BRDA:119,21,1,8
BRDA:120,22,0,3
BRDA:120,22,1,4
BRDA:121,23,0,1
BRDA:121,23,1,3
BRDA:121,24,0,4
BRDA:121,24,1,4
BRDA:122,25,0,2
BRDA:122,25,1,1
BRDA:122,26,0,3
BRDA:122,26,1,3
BRDA:128,27,0,1
BRDA:128,27,1,4
BRDA:128,28,0,5
BRDA:128,28,1,4
BRDA:128,28,2,1
BRF:59
BRH:55
end_of_record
