TN:
SF:src/main.js
FN:1,isJSON
FN:9,stringify
FN:12,deserialize
FN:17,isFunction
FN:18,isArray
FN:21,dealIncognito
FN:28,(anonymous_6)
FN:31,(anonymous_7)
FN:34,(anonymous_8)
FN:37,(anonymous_9)
FN:49,Store
FN:56,(anonymous_11)
FN:64,(anonymous_12)
FN:67,(anonymous_13)
FN:86,(anonymous_14)
FN:90,(anonymous_15)
FN:95,(anonymous_16)
FN:96,(anonymous_17)
FN:98,(anonymous_18)
FN:103,(anonymous_19)
FN:110,(anonymous_20)
FN:120,store
FNF:22
FNH:18
FNDA:38,isJSON
FNDA:21,stringify
FNDA:196,deserialize
FNDA:4,isFunction
FNDA:4,isArray
FNDA:1,dealIncognito
FNDA:0,(anonymous_6)
FNDA:0,(anonymous_7)
FNDA:0,(anonymous_8)
FNDA:0,(anonymous_9)
FNDA:2,Store
FNDA:27,(anonymous_11)
FNDA:241,(anonymous_12)
FNDA:133,(anonymous_13)
FNDA:2,(anonymous_14)
FNDA:8,(anonymous_15)
FNDA:31,(anonymous_16)
FNDA:5,(anonymous_17)
FNDA:10,(anonymous_18)
FNDA:49,(anonymous_19)
FNDA:2,(anonymous_20)
FNDA:39,store
DA:2,38
DA:3,38
DA:4,22
DA:6,16
DA:10,21
DA:13,196
DA:14,185
DA:15,7
DA:17,4
DA:18,4
DA:22,1
DA:23,1
DA:24,1
DA:25,1
DA:27,0
DA:28,0
DA:29,0
DA:31,0
DA:32,0
DA:34,0
DA:35,0
DA:37,0
DA:38,0
DA:40,0
DA:42,1
DA:43,1
DA:47,1
DA:50,2
DA:51,1
DA:55,1
DA:57,27
DA:58,21
DA:59,6
DA:60,9
DA:62,27
DA:65,241
DA:66,41
DA:67,133
DA:68,41
DA:70,200
DA:71,10
DA:73,190
DA:74,190
DA:75,3
DA:76,3
DA:77,9
DA:78,9
DA:79,5
DA:82,3
DA:84,187
DA:87,2
DA:88,2
DA:91,8
DA:92,8
DA:93,8
DA:95,31
DA:97,5
DA:98,5
DA:99,10
DA:101,5
DA:104,49
DA:105,151
DA:106,151
DA:108,49
DA:111,2
DA:112,2
DA:113,4
DA:115,2
DA:119,1
DA:121,39
DA:122,39
DA:123,39
DA:124,39
DA:125,35
DA:126,27
DA:127,5
DA:129,9
DA:130,7
DA:131,4
DA:132,3
DA:133,2
DA:134,2
DA:135,2
DA:138,5
DA:139,1
DA:140,2
DA:141,2
DA:144,5
DA:146,8
LF:89
LH:79
BRDA:3,0,0,22
BRDA:3,0,1,16
BRDA:10,1,0,1
BRDA:10,1,1,20
BRDA:10,2,0,21
BRDA:10,2,1,20
BRDA:13,3,0,11
BRDA:13,3,1,185
BRDA:21,4,0,1
BRDA:32,5,0,0
BRDA:32,5,1,0
BRDA:42,6,0,0
BRDA:42,6,1,1
BRDA:50,7,0,1
BRDA:50,7,1,1
BRDA:57,8,0,21
BRDA:57,8,1,6
BRDA:57,9,0,27
BRDA:57,9,1,27
BRDA:59,10,0,6
BRDA:59,10,1,0
BRDA:65,11,0,41
BRDA:65,11,1,200
BRDA:70,12,0,10
BRDA:70,12,1,190
BRDA:74,13,0,3
BRDA:74,13,1,187
BRDA:78,14,0,5
BRDA:78,14,1,4
BRDA:113,15,0,3
BRDA:113,15,1,1
BRDA:123,16,0,1
BRDA:123,16,1,38
BRDA:124,17,0,4
BRDA:124,17,1,35
BRDA:125,18,0,27
BRDA:125,18,1,8
BRDA:126,19,0,22
BRDA:126,19,1,5
BRDA:127,20,0,4
BRDA:127,20,1,1
BRDA:129,21,0,7
BRDA:129,21,1,2
BRDA:129,22,0,9
BRDA:129,22,1,8
BRDA:130,23,0,3
BRDA:130,23,1,4
BRDA:131,24,0,1
BRDA:131,24,1,3
BRDA:131,25,0,4
BRDA:131,25,1,4
BRDA:132,26,0,2
BRDA:132,26,1,1
BRDA:132,27,0,3
BRDA:132,27,1,3
BRDA:138,28,0,1
BRDA:138,28,1,4
BRDA:138,29,0,5
BRDA:138,29,1,4
BRDA:138,29,2,1
BRF:60
BRH:56
end_of_record
